<?xml version="1.0" encoding="UTF-8"?>
<testsuites>
	<testsuite name="test_operations.TestOperations-20240919154642" tests="3" file="test_operations.py" time="0.003" timestamp="2024-09-19T15:46:42" failures="0" errors="0" skipped="0">
		<testcase classname="test_operations.TestOperations" name="test_factorial" time="0.002" timestamp="2024-09-19T15:46:42" file="tests/test_operations.py" line="24"/>
		<testcase classname="test_operations.TestOperations" name="test_increment" time="0.000" timestamp="2024-09-19T15:46:42" file="tests/test_operations.py" line="8"/>
		<testcase classname="test_operations.TestOperations" name="test_is_prime" time="0.000" timestamp="2024-09-19T15:46:42" file="tests/test_operations.py" line="42"/>
	</testsuite>
</testsuites>
